<?xml version="1.0" encoding="UTF-8"?>
<!-- Generated by org.testng.reporters.JUnitXMLReporter -->
<testsuite hostname="HP" ignored="0" name="Test" tests="9" failures="0" timestamp="2021-02-04T20:14:44 IST" time="26.648" errors="0">
  <testcase name="@BeforeTest initDriver" time="26.15" classname="testCases.AcctCreationTest">
    <failure type="org.openqa.selenium.WebDriverException" message="Timed out waiting for driver server to start.
Build info: version: &amp;apos;3.141.59&amp;apos;, revision: &amp;apos;e82be7d358&amp;apos;, time: &amp;apos;2018-11-14T08:17:03&amp;apos;
System info: host: &amp;apos;HP&amp;apos;, ip: &amp;apos;192.168.43.72&amp;apos;, os.name: &amp;apos;Windows 10&amp;apos;, os.arch: &amp;apos;amd64&amp;apos;, os.version: &amp;apos;10.0&amp;apos;, java.version: &amp;apos;1.8.0_261&amp;apos;
Driver info: driver.version: ChromeDriver">
      <![CDATA[org.openqa.selenium.WebDriverException: Timed out waiting for driver server to start.
Build info: version: '3.141.59', revision: 'e82be7d358', time: '2018-11-14T08:17:03'
System info: host: 'HP', ip: '192.168.43.72', os.name: 'Windows 10', os.arch: 'amd64', os.version: '10.0', java.version: '1.8.0_261'
Driver info: driver.version: ChromeDriver
at org.openqa.selenium.remote.service.DriverService.waitUntilAvailable(DriverService.java:202)
at org.openqa.selenium.remote.service.DriverService.start(DriverService.java:188)
at org.openqa.selenium.remote.service.DriverCommandExecutor.execute(DriverCommandExecutor.java:79)
at org.openqa.selenium.remote.RemoteWebDriver.execute(RemoteWebDriver.java:552)
at org.openqa.selenium.remote.RemoteWebDriver.startSession(RemoteWebDriver.java:213)
at org.openqa.selenium.remote.RemoteWebDriver.<init>(RemoteWebDriver.java:131)
at org.openqa.selenium.chrome.ChromeDriver.<init>(ChromeDriver.java:181)
at org.openqa.selenium.chrome.ChromeDriver.<init>(ChromeDriver.java:168)
at org.openqa.selenium.chrome.ChromeDriver.<init>(ChromeDriver.java:157)
at resources.BuildUp.webDriverInit(BuildUp.java:46)
at testCases.AcctCreationTest.initDriver(AcctCreationTest.java:39)
Caused by: org.openqa.selenium.net.UrlChecker$TimeoutException: Timed out waiting for [http://localhost:44680/status] to be available after 20066 ms
at org.openqa.selenium.net.UrlChecker.waitUntilAvailable(UrlChecker.java:100)
at org.openqa.selenium.remote.service.DriverService.waitUntilAvailable(DriverService.java:197)
... 34 more
Caused by: java.util.concurrent.TimeoutException
at java.util.concurrent.FutureTask.get(FutureTask.java:205)
at com.google.common.util.concurrent.SimpleTimeLimiter.callWithTimeout(SimpleTimeLimiter.java:156)
at org.openqa.selenium.net.UrlChecker.waitUntilAvailable(UrlChecker.java:75)
... 35 more
... Removed 24 stack frames]]>
    </failure>
  </testcase> <!-- @BeforeTest initDriver -->
  <testcase name="@BeforeTest initDriver" time="-1.612449883516E9" classname="testCases.CouponCodeTest">
    <skipped/>
  </testcase> <!-- @BeforeTest initDriver -->
  <testcase name="@BeforeTest initDriver" time="-1.612449883521E9" classname="testCases.MobCompTest">
    <skipped/>
  </testcase> <!-- @BeforeTest initDriver -->
  <testcase name="@BeforeTest initDriver" time="-1.612449883524E9" classname="testCases.MobPriceCompTest">
    <skipped/>
  </testcase> <!-- @BeforeTest initDriver -->
  <testcase name="@BeforeTest initDriver" time="-1.612449883531E9" classname="testCases.MobProdCartTest">
    <skipped/>
  </testcase> <!-- @BeforeTest initDriver -->
  <testcase name="@BeforeTest initDriver" time="-1.612449883534E9" classname="testCases.MobileListTest">
    <skipped/>
  </testcase> <!-- @BeforeTest initDriver -->
  <testcase name="@BeforeTest initDriver" time="-1.612449883537E9" classname="testCases.PlaceOrderTest">
    <skipped/>
  </testcase> <!-- @BeforeTest initDriver -->
  <testcase name="@BeforeTest initDriver" time="-1.61244988354E9" classname="testCases.PlaceReOrderTest">
    <skipped/>
  </testcase> <!-- @BeforeTest initDriver -->
  <testcase name="@BeforeTest initDriver" time="-1.612449883544E9" classname="testCases.PrintOrderTest">
    <skipped/>
  </testcase> <!-- @BeforeTest initDriver -->
  <testcase name="@AfterTest tearDown" time="-1.612449883887E9" classname="testCases.AcctCreationTest">
    <skipped/>
  </testcase> <!-- @AfterTest tearDown -->
  <testcase name="@AfterTest tearDown" time="-1.612449883889E9" classname="testCases.CouponCodeTest">
    <skipped/>
  </testcase> <!-- @AfterTest tearDown -->
  <testcase name="@AfterTest tearDown" time="-1.612449883898E9" classname="testCases.MobCompTest">
    <skipped/>
  </testcase> <!-- @AfterTest tearDown -->
  <testcase name="@AfterTest tearDown" time="-1.612449883903E9" classname="testCases.MobPriceCompTest">
    <skipped/>
  </testcase> <!-- @AfterTest tearDown -->
  <testcase name="@AfterTest tearDown" time="-1.612449883907E9" classname="testCases.MobProdCartTest">
    <skipped/>
  </testcase> <!-- @AfterTest tearDown -->
  <testcase name="@AfterTest tearDown" time="-1.612449883918E9" classname="testCases.MobileListTest">
    <skipped/>
  </testcase> <!-- @AfterTest tearDown -->
  <testcase name="@AfterTest tearDown" time="-1.61244988393E9" classname="testCases.PlaceOrderTest">
    <skipped/>
  </testcase> <!-- @AfterTest tearDown -->
  <testcase name="@AfterTest tearDown" time="-1.612449883934E9" classname="testCases.PlaceReOrderTest">
    <skipped/>
  </testcase> <!-- @AfterTest tearDown -->
  <testcase name="@AfterTest tearDown" time="-1.612449883939E9" classname="testCases.PrintOrderTest">
    <skipped/>
  </testcase> <!-- @AfterTest tearDown -->
  <testcase name="verifyMobilePage" time="0.0" classname="testCases.MobileListTest">
    <skipped/>
  </testcase> <!-- verifyMobilePage -->
  <testcase name="verifyMobilePrice" time="0.0" classname="testCases.MobPriceCompTest">
    <skipped/>
  </testcase> <!-- verifyMobilePrice -->
  <testcase name="verifyMobileCart" time="0.0" classname="testCases.MobProdCartTest">
    <skipped/>
  </testcase> <!-- verifyMobileCart -->
  <testcase name="verifyMobileCompare" time="0.0" classname="testCases.MobCompTest">
    <skipped/>
  </testcase> <!-- verifyMobileCompare -->
  <testcase name="verifyAcctCreation" time="0.0" classname="testCases.AcctCreationTest">
    <skipped/>
  </testcase> <!-- verifyAcctCreation -->
  <testcase name="verifyOrderPlaced" time="0.0" classname="testCases.PlaceOrderTest">
    <skipped/>
  </testcase> <!-- verifyOrderPlaced -->
  <testcase name="verifyPrintOrder" time="0.0" classname="testCases.PrintOrderTest">
    <skipped/>
  </testcase> <!-- verifyPrintOrder -->
  <testcase name="verifyReOrderPlaced" time="0.0" classname="testCases.PlaceReOrderTest">
    <skipped/>
  </testcase> <!-- verifyReOrderPlaced -->
  <testcase name="verifyCouponCode" time="0.0" classname="testCases.CouponCodeTest">
    <skipped/>
  </testcase> <!-- verifyCouponCode -->
</testsuite> <!-- Test -->
