<?xml version="1.0" encoding="UTF-8"?>
<testng-results skipped="0" failed="2" ignored="0" total="9" passed="7">
  <reporter-output>
  </reporter-output>
  <suite name="Suite" duration-ms="285581" started-at="2021-02-04T20:23:02 IST" finished-at="2021-02-04T20:27:47 IST">
    <groups>
    </groups>
    <test name="Test1" duration-ms="40841" started-at="2021-02-04T20:23:02 IST" finished-at="2021-02-04T20:23:43 IST">
      <class name="testCases.MobileListTest">
        <test-method status="PASS" signature="initDriver()[pri:0, instance:testCases.MobileListTest@17579e0f]" name="initDriver" is-config="true" duration-ms="17833" started-at="2021-02-04T20:23:02 IST" finished-at="2021-02-04T20:23:20 IST">
          <reporter-output>
          </reporter-output>
        </test-method> <!-- initDriver -->
        <test-method status="PASS" signature="verifyMobilePage()[pri:0, instance:testCases.MobileListTest@17579e0f]" name="verifyMobilePage" duration-ms="16837" started-at="2021-02-04T20:23:20 IST" finished-at="2021-02-04T20:23:37 IST">
          <reporter-output>
          </reporter-output>
        </test-method> <!-- verifyMobilePage -->
        <test-method status="PASS" signature="tearDown()[pri:0, instance:testCases.MobileListTest@17579e0f]" name="tearDown" is-config="true" duration-ms="6039" started-at="2021-02-04T20:23:37 IST" finished-at="2021-02-04T20:23:43 IST">
          <reporter-output>
          </reporter-output>
        </test-method> <!-- tearDown -->
      </class> <!-- testCases.MobileListTest -->
    </test> <!-- Test1 -->
    <test name="Test2" duration-ms="27881" started-at="2021-02-04T20:23:43 IST" finished-at="2021-02-04T20:24:11 IST">
      <class name="testCases.MobPriceCompTest">
        <test-method status="PASS" signature="initDriver()[pri:0, instance:testCases.MobPriceCompTest@2a556333]" name="initDriver" is-config="true" duration-ms="3402" started-at="2021-02-04T20:23:43 IST" finished-at="2021-02-04T20:23:47 IST">
          <reporter-output>
          </reporter-output>
        </test-method> <!-- initDriver -->
        <test-method status="PASS" signature="verifyMobilePrice()[pri:0, instance:testCases.MobPriceCompTest@2a556333]" name="verifyMobilePrice" duration-ms="23295" started-at="2021-02-04T20:23:47 IST" finished-at="2021-02-04T20:24:10 IST">
          <reporter-output>
          </reporter-output>
        </test-method> <!-- verifyMobilePrice -->
        <test-method status="PASS" signature="tearDown()[pri:0, instance:testCases.MobPriceCompTest@2a556333]" name="tearDown" is-config="true" duration-ms="1179" started-at="2021-02-04T20:24:10 IST" finished-at="2021-02-04T20:24:11 IST">
          <reporter-output>
          </reporter-output>
        </test-method> <!-- tearDown -->
      </class> <!-- testCases.MobPriceCompTest -->
    </test> <!-- Test2 -->
    <test name="Test3" duration-ms="24910" started-at="2021-02-04T20:24:11 IST" finished-at="2021-02-04T20:24:36 IST">
      <class name="testCases.MobProdCartTest">
        <test-method status="PASS" signature="initDriver()[pri:0, instance:testCases.MobProdCartTest@2173f6d9]" name="initDriver" is-config="true" duration-ms="2302" started-at="2021-02-04T20:24:11 IST" finished-at="2021-02-04T20:24:14 IST">
          <reporter-output>
          </reporter-output>
        </test-method> <!-- initDriver -->
        <test-method status="PASS" signature="verifyMobileCart()[pri:0, instance:testCases.MobProdCartTest@2173f6d9]" name="verifyMobileCart" duration-ms="21286" started-at="2021-02-04T20:24:14 IST" finished-at="2021-02-04T20:24:35 IST">
          <reporter-output>
          </reporter-output>
        </test-method> <!-- verifyMobileCart -->
        <test-method status="PASS" signature="tearDown()[pri:0, instance:testCases.MobProdCartTest@2173f6d9]" name="tearDown" is-config="true" duration-ms="1317" started-at="2021-02-04T20:24:35 IST" finished-at="2021-02-04T20:24:36 IST">
          <reporter-output>
          </reporter-output>
        </test-method> <!-- tearDown -->
      </class> <!-- testCases.MobProdCartTest -->
    </test> <!-- Test3 -->
    <test name="Test4" duration-ms="26754" started-at="2021-02-04T20:24:36 IST" finished-at="2021-02-04T20:25:03 IST">
      <class name="testCases.MobCompTest">
        <test-method status="PASS" signature="initDriver()[pri:0, instance:testCases.MobCompTest@42f93a98]" name="initDriver" is-config="true" duration-ms="3030" started-at="2021-02-04T20:24:36 IST" finished-at="2021-02-04T20:24:39 IST">
          <reporter-output>
          </reporter-output>
        </test-method> <!-- initDriver -->
        <test-method status="PASS" signature="verifyMobileCompare()[pri:0, instance:testCases.MobCompTest@42f93a98]" name="verifyMobileCompare" duration-ms="22634" started-at="2021-02-04T20:24:39 IST" finished-at="2021-02-04T20:25:02 IST">
          <reporter-output>
          </reporter-output>
        </test-method> <!-- verifyMobileCompare -->
        <test-method status="PASS" signature="tearDown()[pri:0, instance:testCases.MobCompTest@42f93a98]" name="tearDown" is-config="true" duration-ms="1084" started-at="2021-02-04T20:25:02 IST" finished-at="2021-02-04T20:25:03 IST">
          <reporter-output>
          </reporter-output>
        </test-method> <!-- tearDown -->
      </class> <!-- testCases.MobCompTest -->
    </test> <!-- Test4 -->
    <test name="Test5" duration-ms="32090" started-at="2021-02-04T20:25:03 IST" finished-at="2021-02-04T20:25:35 IST">
      <class name="testCases.AcctCreationTest">
        <test-method status="PASS" signature="initDriver()[pri:0, instance:testCases.AcctCreationTest@27808f31]" name="initDriver" is-config="true" duration-ms="3262" started-at="2021-02-04T20:25:03 IST" finished-at="2021-02-04T20:25:06 IST">
          <reporter-output>
          </reporter-output>
        </test-method> <!-- initDriver -->
        <test-method status="PASS" signature="verifyAcctCreation()[pri:0, instance:testCases.AcctCreationTest@27808f31]" name="verifyAcctCreation" duration-ms="27752" started-at="2021-02-04T20:25:06 IST" finished-at="2021-02-04T20:25:34 IST">
          <reporter-output>
          </reporter-output>
        </test-method> <!-- verifyAcctCreation -->
        <test-method status="PASS" signature="tearDown()[pri:0, instance:testCases.AcctCreationTest@27808f31]" name="tearDown" is-config="true" duration-ms="1069" started-at="2021-02-04T20:25:34 IST" finished-at="2021-02-04T20:25:35 IST">
          <reporter-output>
          </reporter-output>
        </test-method> <!-- tearDown -->
      </class> <!-- testCases.AcctCreationTest -->
    </test> <!-- Test5 -->
    <test name="Test6" duration-ms="42850" started-at="2021-02-04T20:25:35 IST" finished-at="2021-02-04T20:26:18 IST">
      <class name="testCases.PlaceOrderTest">
        <test-method status="PASS" signature="initDriver()[pri:0, instance:testCases.PlaceOrderTest@58c1670b]" name="initDriver" is-config="true" duration-ms="3664" started-at="2021-02-04T20:25:35 IST" finished-at="2021-02-04T20:25:39 IST">
          <reporter-output>
          </reporter-output>
        </test-method> <!-- initDriver -->
        <test-method status="PASS" signature="verifyOrderPlaced()[pri:0, instance:testCases.PlaceOrderTest@58c1670b]" name="verifyOrderPlaced" duration-ms="37694" started-at="2021-02-04T20:25:39 IST" finished-at="2021-02-04T20:26:16 IST">
          <reporter-output>
          </reporter-output>
        </test-method> <!-- verifyOrderPlaced -->
        <test-method status="PASS" signature="tearDown()[pri:0, instance:testCases.PlaceOrderTest@58c1670b]" name="tearDown" is-config="true" duration-ms="1485" started-at="2021-02-04T20:26:16 IST" finished-at="2021-02-04T20:26:18 IST">
          <reporter-output>
          </reporter-output>
        </test-method> <!-- tearDown -->
      </class> <!-- testCases.PlaceOrderTest -->
    </test> <!-- Test6 -->
    <test name="Test7" duration-ms="32513" started-at="2021-02-04T20:26:18 IST" finished-at="2021-02-04T20:26:50 IST">
      <class name="testCases.PrintOrderTest">
        <test-method status="PASS" signature="initDriver()[pri:0, instance:testCases.PrintOrderTest@26a7b76d]" name="initDriver" is-config="true" duration-ms="5263" started-at="2021-02-04T20:26:18 IST" finished-at="2021-02-04T20:26:23 IST">
          <reporter-output>
          </reporter-output>
        </test-method> <!-- initDriver -->
        <test-method status="FAIL" signature="verifyPrintOrder()[pri:0, instance:testCases.PrintOrderTest@26a7b76d]" name="verifyPrintOrder" duration-ms="26086" started-at="2021-02-04T20:26:23 IST" finished-at="2021-02-04T20:26:49 IST">
          <exception class="org.openqa.selenium.NoSuchElementException">
            <message>
              <![CDATA[no such element: Unable to locate element: {"method":"xpath","selector":"//tr[@class='first odd']//a[contains(text(),'View Order')]"}
  (Session info: chrome=88.0.4324.104)
For documentation on this error, please visit: https://www.seleniumhq.org/exceptions/no_such_element.html
Build info: version: '3.141.59', revision: 'e82be7d358', time: '2018-11-14T08:17:03'
System info: host: 'HP', ip: '192.168.43.72', os.name: 'Windows 10', os.arch: 'amd64', os.version: '10.0', java.version: '1.8.0_261'
Driver info: org.openqa.selenium.chrome.ChromeDriver
Capabilities {acceptInsecureCerts: false, browserName: chrome, browserVersion: 88.0.4324.104, chrome: {chromedriverVersion: 88.0.4324.96 (68dba2d8a0b14..., userDataDir: C:\Users\elcot\AppData\Loca...}, goog:chromeOptions: {debuggerAddress: localhost:50145}, javascriptEnabled: true, networkConnectionEnabled: false, pageLoadStrategy: normal, platform: WINDOWS, platformName: WINDOWS, proxy: Proxy(), setWindowRect: true, strictFileInteractability: false, timeouts: {implicit: 0, pageLoad: 300000, script: 30000}, unhandledPromptBehavior: dismiss and notify, webauthn:extension:largeBlob: true, webauthn:virtualAuthenticators: true}
Session ID: 5acd007c1bc838ea01625915e3eb0a1d
*** Element info: {Using=xpath, value=//tr[@class='first odd']//a[contains(text(),'View Order')]}]]>
            </message>
            <full-stacktrace>
              <![CDATA[org.openqa.selenium.NoSuchElementException: no such element: Unable to locate element: {"method":"xpath","selector":"//tr[@class='first odd']//a[contains(text(),'View Order')]"}
  (Session info: chrome=88.0.4324.104)
For documentation on this error, please visit: https://www.seleniumhq.org/exceptions/no_such_element.html
Build info: version: '3.141.59', revision: 'e82be7d358', time: '2018-11-14T08:17:03'
System info: host: 'HP', ip: '192.168.43.72', os.name: 'Windows 10', os.arch: 'amd64', os.version: '10.0', java.version: '1.8.0_261'
Driver info: org.openqa.selenium.chrome.ChromeDriver
Capabilities {acceptInsecureCerts: false, browserName: chrome, browserVersion: 88.0.4324.104, chrome: {chromedriverVersion: 88.0.4324.96 (68dba2d8a0b14..., userDataDir: C:\Users\elcot\AppData\Loca...}, goog:chromeOptions: {debuggerAddress: localhost:50145}, javascriptEnabled: true, networkConnectionEnabled: false, pageLoadStrategy: normal, platform: WINDOWS, platformName: WINDOWS, proxy: Proxy(), setWindowRect: true, strictFileInteractability: false, timeouts: {implicit: 0, pageLoad: 300000, script: 30000}, unhandledPromptBehavior: dismiss and notify, webauthn:extension:largeBlob: true, webauthn:virtualAuthenticators: true}
Session ID: 5acd007c1bc838ea01625915e3eb0a1d
*** Element info: {Using=xpath, value=//tr[@class='first odd']//a[contains(text(),'View Order')]}
at sun.reflect.NativeConstructorAccessorImpl.newInstance0(Native Method)
at sun.reflect.NativeConstructorAccessorImpl.newInstance(NativeConstructorAccessorImpl.java:62)
at sun.reflect.DelegatingConstructorAccessorImpl.newInstance(DelegatingConstructorAccessorImpl.java:45)
at java.lang.reflect.Constructor.newInstance(Constructor.java:423)
at org.openqa.selenium.remote.http.W3CHttpResponseCodec.createException(W3CHttpResponseCodec.java:187)
at org.openqa.selenium.remote.http.W3CHttpResponseCodec.decode(W3CHttpResponseCodec.java:122)
at org.openqa.selenium.remote.http.W3CHttpResponseCodec.decode(W3CHttpResponseCodec.java:49)
at org.openqa.selenium.remote.HttpCommandExecutor.execute(HttpCommandExecutor.java:158)
at org.openqa.selenium.remote.service.DriverCommandExecutor.execute(DriverCommandExecutor.java:83)
at org.openqa.selenium.remote.RemoteWebDriver.execute(RemoteWebDriver.java:552)
at org.openqa.selenium.remote.RemoteWebDriver.findElement(RemoteWebDriver.java:323)
at org.openqa.selenium.remote.RemoteWebDriver.findElementByXPath(RemoteWebDriver.java:428)
at org.openqa.selenium.By$ByXPath.findElement(By.java:353)
at org.openqa.selenium.remote.RemoteWebDriver.findElement(RemoteWebDriver.java:315)
at pageObjects.MyOrdersPageObjects.getViewOrder(MyOrdersPageObjects.java:27)
at testCases.PrintOrderTest.verifyPrintOrder(PrintOrderTest.java:53)
at sun.reflect.NativeMethodAccessorImpl.invoke0(Native Method)
at sun.reflect.NativeMethodAccessorImpl.invoke(NativeMethodAccessorImpl.java:62)
at sun.reflect.DelegatingMethodAccessorImpl.invoke(DelegatingMethodAccessorImpl.java:43)
at java.lang.reflect.Method.invoke(Method.java:498)
at org.testng.internal.MethodInvocationHelper.invokeMethod(MethodInvocationHelper.java:132)
at org.testng.internal.TestInvoker.invokeMethod(TestInvoker.java:599)
at org.testng.internal.TestInvoker.invokeTestMethod(TestInvoker.java:174)
at org.testng.internal.MethodRunner.runInSequence(MethodRunner.java:46)
at org.testng.internal.TestInvoker$MethodInvocationAgent.invoke(TestInvoker.java:822)
at org.testng.internal.TestInvoker.invokeTestMethods(TestInvoker.java:147)
at org.testng.internal.TestMethodWorker.invokeTestMethods(TestMethodWorker.java:146)
at org.testng.internal.TestMethodWorker.run(TestMethodWorker.java:128)
at java.util.ArrayList.forEach(ArrayList.java:1259)
at org.testng.TestRunner.privateRun(TestRunner.java:764)
at org.testng.TestRunner.run(TestRunner.java:585)
at org.testng.SuiteRunner.runTest(SuiteRunner.java:384)
at org.testng.SuiteRunner.runSequentially(SuiteRunner.java:378)
at org.testng.SuiteRunner.privateRun(SuiteRunner.java:337)
at org.testng.SuiteRunner.run(SuiteRunner.java:286)
at org.testng.SuiteRunnerWorker.runSuite(SuiteRunnerWorker.java:53)
at org.testng.SuiteRunnerWorker.run(SuiteRunnerWorker.java:96)
at org.testng.TestNG.runSuitesSequentially(TestNG.java:1218)
at org.testng.TestNG.runSuitesLocally(TestNG.java:1140)
at org.testng.TestNG.runSuites(TestNG.java:1069)
at org.testng.TestNG.run(TestNG.java:1037)
at org.testng.remote.AbstractRemoteTestNG.run(AbstractRemoteTestNG.java:115)
at org.testng.remote.RemoteTestNG.initAndRun(RemoteTestNG.java:251)
at org.testng.remote.RemoteTestNG.main(RemoteTestNG.java:77)
]]>
            </full-stacktrace>
          </exception> <!-- org.openqa.selenium.NoSuchElementException -->
          <reporter-output>
          </reporter-output>
        </test-method> <!-- verifyPrintOrder -->
        <test-method status="PASS" signature="tearDown()[pri:0, instance:testCases.PrintOrderTest@26a7b76d]" name="tearDown" is-config="true" duration-ms="1137" started-at="2021-02-04T20:26:49 IST" finished-at="2021-02-04T20:26:50 IST">
          <reporter-output>
          </reporter-output>
        </test-method> <!-- tearDown -->
      </class> <!-- testCases.PrintOrderTest -->
    </test> <!-- Test7 -->
    <test name="Test8" duration-ms="31586" started-at="2021-02-04T20:26:51 IST" finished-at="2021-02-04T20:27:22 IST">
      <class name="testCases.PlaceReOrderTest">
        <test-method status="PASS" signature="initDriver()[pri:0, instance:testCases.PlaceReOrderTest@cb51256]" name="initDriver" is-config="true" duration-ms="3574" started-at="2021-02-04T20:26:51 IST" finished-at="2021-02-04T20:26:54 IST">
          <reporter-output>
          </reporter-output>
        </test-method> <!-- initDriver -->
        <test-method status="FAIL" signature="verifyReOrderPlaced()[pri:0, instance:testCases.PlaceReOrderTest@cb51256]" name="verifyReOrderPlaced" duration-ms="25853" started-at="2021-02-04T20:26:54 IST" finished-at="2021-02-04T20:27:20 IST">
          <exception class="org.openqa.selenium.NoSuchElementException">
            <message>
              <![CDATA[no such element: Unable to locate element: {"method":"css selector","selector":"tr[class='first odd'] a[class='link-reorder']"}
  (Session info: chrome=88.0.4324.104)
For documentation on this error, please visit: https://www.seleniumhq.org/exceptions/no_such_element.html
Build info: version: '3.141.59', revision: 'e82be7d358', time: '2018-11-14T08:17:03'
System info: host: 'HP', ip: '192.168.43.72', os.name: 'Windows 10', os.arch: 'amd64', os.version: '10.0', java.version: '1.8.0_261'
Driver info: org.openqa.selenium.chrome.ChromeDriver
Capabilities {acceptInsecureCerts: false, browserName: chrome, browserVersion: 88.0.4324.104, chrome: {chromedriverVersion: 88.0.4324.96 (68dba2d8a0b14..., userDataDir: C:\Users\elcot\AppData\Loca...}, goog:chromeOptions: {debuggerAddress: localhost:50205}, javascriptEnabled: true, networkConnectionEnabled: false, pageLoadStrategy: normal, platform: WINDOWS, platformName: WINDOWS, proxy: Proxy(), setWindowRect: true, strictFileInteractability: false, timeouts: {implicit: 0, pageLoad: 300000, script: 30000}, unhandledPromptBehavior: dismiss and notify, webauthn:extension:largeBlob: true, webauthn:virtualAuthenticators: true}
Session ID: ed8cbdccf25a5a5a7fd874c01f115b50
*** Element info: {Using=css selector, value=tr[class='first odd'] a[class='link-reorder']}]]>
            </message>
            <full-stacktrace>
              <![CDATA[org.openqa.selenium.NoSuchElementException: no such element: Unable to locate element: {"method":"css selector","selector":"tr[class='first odd'] a[class='link-reorder']"}
  (Session info: chrome=88.0.4324.104)
For documentation on this error, please visit: https://www.seleniumhq.org/exceptions/no_such_element.html
Build info: version: '3.141.59', revision: 'e82be7d358', time: '2018-11-14T08:17:03'
System info: host: 'HP', ip: '192.168.43.72', os.name: 'Windows 10', os.arch: 'amd64', os.version: '10.0', java.version: '1.8.0_261'
Driver info: org.openqa.selenium.chrome.ChromeDriver
Capabilities {acceptInsecureCerts: false, browserName: chrome, browserVersion: 88.0.4324.104, chrome: {chromedriverVersion: 88.0.4324.96 (68dba2d8a0b14..., userDataDir: C:\Users\elcot\AppData\Loca...}, goog:chromeOptions: {debuggerAddress: localhost:50205}, javascriptEnabled: true, networkConnectionEnabled: false, pageLoadStrategy: normal, platform: WINDOWS, platformName: WINDOWS, proxy: Proxy(), setWindowRect: true, strictFileInteractability: false, timeouts: {implicit: 0, pageLoad: 300000, script: 30000}, unhandledPromptBehavior: dismiss and notify, webauthn:extension:largeBlob: true, webauthn:virtualAuthenticators: true}
Session ID: ed8cbdccf25a5a5a7fd874c01f115b50
*** Element info: {Using=css selector, value=tr[class='first odd'] a[class='link-reorder']}
at sun.reflect.NativeConstructorAccessorImpl.newInstance0(Native Method)
at sun.reflect.NativeConstructorAccessorImpl.newInstance(NativeConstructorAccessorImpl.java:62)
at sun.reflect.DelegatingConstructorAccessorImpl.newInstance(DelegatingConstructorAccessorImpl.java:45)
at java.lang.reflect.Constructor.newInstance(Constructor.java:423)
at org.openqa.selenium.remote.http.W3CHttpResponseCodec.createException(W3CHttpResponseCodec.java:187)
at org.openqa.selenium.remote.http.W3CHttpResponseCodec.decode(W3CHttpResponseCodec.java:122)
at org.openqa.selenium.remote.http.W3CHttpResponseCodec.decode(W3CHttpResponseCodec.java:49)
at org.openqa.selenium.remote.HttpCommandExecutor.execute(HttpCommandExecutor.java:158)
at org.openqa.selenium.remote.service.DriverCommandExecutor.execute(DriverCommandExecutor.java:83)
at org.openqa.selenium.remote.RemoteWebDriver.execute(RemoteWebDriver.java:552)
at org.openqa.selenium.remote.RemoteWebDriver.findElement(RemoteWebDriver.java:323)
at org.openqa.selenium.remote.RemoteWebDriver.findElementByCssSelector(RemoteWebDriver.java:420)
at org.openqa.selenium.By$ByCssSelector.findElement(By.java:431)
at org.openqa.selenium.remote.RemoteWebDriver.findElement(RemoteWebDriver.java:315)
at pageObjects.MyOrdersPageObjects.getReOrder(MyOrdersPageObjects.java:43)
at testCases.PlaceReOrderTest.verifyReOrderPlaced(PlaceReOrderTest.java:63)
at sun.reflect.NativeMethodAccessorImpl.invoke0(Native Method)
at sun.reflect.NativeMethodAccessorImpl.invoke(NativeMethodAccessorImpl.java:62)
at sun.reflect.DelegatingMethodAccessorImpl.invoke(DelegatingMethodAccessorImpl.java:43)
at java.lang.reflect.Method.invoke(Method.java:498)
at org.testng.internal.MethodInvocationHelper.invokeMethod(MethodInvocationHelper.java:132)
at org.testng.internal.TestInvoker.invokeMethod(TestInvoker.java:599)
at org.testng.internal.TestInvoker.invokeTestMethod(TestInvoker.java:174)
at org.testng.internal.MethodRunner.runInSequence(MethodRunner.java:46)
at org.testng.internal.TestInvoker$MethodInvocationAgent.invoke(TestInvoker.java:822)
at org.testng.internal.TestInvoker.invokeTestMethods(TestInvoker.java:147)
at org.testng.internal.TestMethodWorker.invokeTestMethods(TestMethodWorker.java:146)
at org.testng.internal.TestMethodWorker.run(TestMethodWorker.java:128)
at java.util.ArrayList.forEach(ArrayList.java:1259)
at org.testng.TestRunner.privateRun(TestRunner.java:764)
at org.testng.TestRunner.run(TestRunner.java:585)
at org.testng.SuiteRunner.runTest(SuiteRunner.java:384)
at org.testng.SuiteRunner.runSequentially(SuiteRunner.java:378)
at org.testng.SuiteRunner.privateRun(SuiteRunner.java:337)
at org.testng.SuiteRunner.run(SuiteRunner.java:286)
at org.testng.SuiteRunnerWorker.runSuite(SuiteRunnerWorker.java:53)
at org.testng.SuiteRunnerWorker.run(SuiteRunnerWorker.java:96)
at org.testng.TestNG.runSuitesSequentially(TestNG.java:1218)
at org.testng.TestNG.runSuitesLocally(TestNG.java:1140)
at org.testng.TestNG.runSuites(TestNG.java:1069)
at org.testng.TestNG.run(TestNG.java:1037)
at org.testng.remote.AbstractRemoteTestNG.run(AbstractRemoteTestNG.java:115)
at org.testng.remote.RemoteTestNG.initAndRun(RemoteTestNG.java:251)
at org.testng.remote.RemoteTestNG.main(RemoteTestNG.java:77)
]]>
            </full-stacktrace>
          </exception> <!-- org.openqa.selenium.NoSuchElementException -->
          <reporter-output>
          </reporter-output>
        </test-method> <!-- verifyReOrderPlaced -->
        <test-method status="PASS" signature="tearDown()[pri:0, instance:testCases.PlaceReOrderTest@cb51256]" name="tearDown" is-config="true" duration-ms="2146" started-at="2021-02-04T20:27:20 IST" finished-at="2021-02-04T20:27:22 IST">
          <reporter-output>
          </reporter-output>
        </test-method> <!-- tearDown -->
      </class> <!-- testCases.PlaceReOrderTest -->
    </test> <!-- Test8 -->
    <test name="Test9" duration-ms="25159" started-at="2021-02-04T20:27:22 IST" finished-at="2021-02-04T20:27:47 IST">
      <class name="testCases.CouponCodeTest">
        <test-method status="PASS" signature="initDriver()[pri:0, instance:testCases.CouponCodeTest@670b40af]" name="initDriver" is-config="true" duration-ms="4706" started-at="2021-02-04T20:27:22 IST" finished-at="2021-02-04T20:27:27 IST">
          <reporter-output>
          </reporter-output>
        </test-method> <!-- initDriver -->
        <test-method status="PASS" signature="verifyCouponCode()[pri:0, instance:testCases.CouponCodeTest@670b40af]" name="verifyCouponCode" duration-ms="19237" started-at="2021-02-04T20:27:27 IST" finished-at="2021-02-04T20:27:46 IST">
          <reporter-output>
          </reporter-output>
        </test-method> <!-- verifyCouponCode -->
        <test-method status="PASS" signature="tearDown()[pri:0, instance:testCases.CouponCodeTest@670b40af]" name="tearDown" is-config="true" duration-ms="1211" started-at="2021-02-04T20:27:46 IST" finished-at="2021-02-04T20:27:47 IST">
          <reporter-output>
          </reporter-output>
        </test-method> <!-- tearDown -->
      </class> <!-- testCases.CouponCodeTest -->
    </test> <!-- Test9 -->
  </suite> <!-- Suite -->
</testng-results>
